00:23:47:180  WARN 23400 --- [Thread-7] c.a.n.common.http.HttpClientBeanHolder   : [HttpClientBeanHolder] Start destroying common HttpClient
00:23:47:180  WARN 23400 --- [Thread-4] c.a.nacos.common.notify.NotifyCenter     : [NotifyCenter] Start destroying Publisher
00:23:47:464  WARN 23400 --- [Thread-4] c.a.nacos.common.notify.NotifyCenter     : [NotifyCenter] Destruction of the end
00:23:47:464  WARN 23400 --- [Thread-7] c.a.n.common.http.HttpClientBeanHolder   : [HttpClientBeanHolder] Destruction of the end
00:23:47:184  WARN 10544 --- [Thread-7] c.a.n.common.http.HttpClientBeanHolder   : [HttpClientBeanHolder] Start destroying common HttpClient
00:23:47:184  WARN 10544 --- [Thread-4] c.a.nacos.common.notify.NotifyCenter     : [NotifyCenter] Start destroying Publisher
00:23:47:468  WARN 10544 --- [Thread-4] c.a.nacos.common.notify.NotifyCenter     : [NotifyCenter] Destruction of the end
00:23:47:469  WARN 10544 --- [Thread-7] c.a.n.common.http.HttpClientBeanHolder   : [HttpClientBeanHolder] Destruction of the end
00:23:48:063  INFO 23400 --- [SpringApplicationShutdownHook] c.a.c.n.registry.NacosServiceRegistry    : De-registering from Nacos Server now...
00:23:48:066  INFO 23400 --- [SpringApplicationShutdownHook] c.a.c.n.registry.NacosServiceRegistry    : De-registration finished.
00:23:48:120  INFO 10544 --- [SpringApplicationShutdownHook] c.a.c.n.registry.NacosServiceRegistry    : De-registering from Nacos Server now...
00:23:48:124  INFO 10544 --- [SpringApplicationShutdownHook] c.a.c.n.registry.NacosServiceRegistry    : De-registration finished.
00:23:48:394  INFO 23400 --- [SpringApplicationShutdownHook] com.alibaba.nacos.common.remote.client   : Shutdown rpc client, set status to shutdown
00:23:48:395  INFO 23400 --- [SpringApplicationShutdownHook] com.alibaba.nacos.common.remote.client   : Shutdown client event executor java.util.concurrent.ScheduledThreadPoolExecutor@458c2655[Running, pool size = 2, active threads = 2, queued tasks = 0, completed tasks = 0]
00:23:48:395  INFO 23400 --- [SpringApplicationShutdownHook] com.alibaba.nacos.common.remote.client   : Close current connection 1721582135930_192.168.74.1_8492
00:23:48:401  INFO 23400 --- [nacos-grpc-client-executor-1110] c.a.n.c.remote.client.grpc.GrpcClient    : [1721582135930_192.168.74.1_8492]Ignore complete event,isRunning:false,isAbandon=false
00:23:48:401  INFO 23400 --- [SpringApplicationShutdownHook] c.a.n.c.remote.client.grpc.GrpcClient    : Shutdown grpc executor java.util.concurrent.ThreadPoolExecutor@61c0479c[Running, pool size = 5, active threads = 0, queued tasks = 0, completed tasks = 1111]
00:23:48:456  INFO 10544 --- [SpringApplicationShutdownHook] com.alibaba.nacos.common.remote.client   : Shutdown rpc client, set status to shutdown
00:23:48:457  INFO 10544 --- [SpringApplicationShutdownHook] com.alibaba.nacos.common.remote.client   : Shutdown client event executor java.util.concurrent.ScheduledThreadPoolExecutor@6e5582d7[Running, pool size = 2, active threads = 2, queued tasks = 0, completed tasks = 0]
00:23:48:457  INFO 10544 --- [SpringApplicationShutdownHook] com.alibaba.nacos.common.remote.client   : Close current connection 1721581096309_192.168.74.1_3558
00:23:48:461  INFO 10544 --- [nacos-grpc-client-executor-1109] c.a.n.c.remote.client.grpc.GrpcClient    : [1721581096309_192.168.74.1_3558]Ignore complete event,isRunning:false,isAbandon=false
00:23:48:469  INFO 10544 --- [SpringApplicationShutdownHook] c.a.n.c.remote.client.grpc.GrpcClient    : Shutdown grpc executor java.util.concurrent.ThreadPoolExecutor@42d406a9[Running, pool size = 5, active threads = 0, queued tasks = 0, completed tasks = 1110]
00:24:06:591  INFO 14728 --- [main] com.hmall.item.ItemApplication           : Starting ItemApplication using Java 11.0.24 on Xie with PID 14728 (G:\Personal\code\maven-project\hmall\item-service\target\classes started by HP in G:\Personal\code\maven-project\hmall)
00:24:06:592 DEBUG 14728 --- [main] com.hmall.item.ItemApplication           : Running with Spring Boot v2.7.12, Spring v5.3.27
00:24:06:592  INFO 14728 --- [main] com.hmall.item.ItemApplication           : The following 1 profile is active: "local"
00:24:07:192  INFO 14728 --- [main] o.s.cloud.context.scope.GenericScope     : BeanFactory id=1b6e4a49-40ff-3b70-b961-162516e0b119
00:24:07:417  INFO 14728 --- [main] o.s.b.w.embedded.tomcat.TomcatWebServer  : Tomcat initialized with port(s): 8081 (http)
00:24:07:422  INFO 14728 --- [main] o.apache.catalina.core.StandardService   : Starting service [Tomcat]
00:24:07:423  INFO 14728 --- [main] org.apache.catalina.core.StandardEngine  : Starting Servlet engine: [Apache Tomcat/9.0.75]
00:24:07:512  INFO 14728 --- [main] o.a.c.c.C.[Tomcat].[localhost].[/]       : Initializing Spring embedded WebApplicationContext
00:24:07:513  INFO 14728 --- [main] w.s.c.ServletWebServerApplicationContext : Root WebApplicationContext: initialization completed in 896 ms
00:24:08:116  INFO 440 --- [main] com.hmall.item.ItemApplication           : Starting ItemApplication using Java 11.0.24 on Xie with PID 440 (G:\Personal\code\maven-project\hmall\item-service\target\classes started by HP in G:\Personal\code\maven-project\hmall)
00:24:08:118 DEBUG 440 --- [main] com.hmall.item.ItemApplication           : Running with Spring Boot v2.7.12, Spring v5.3.27
00:24:08:118  INFO 440 --- [main] com.hmall.item.ItemApplication           : The following 1 profile is active: "local"
00:24:08:786  INFO 440 --- [main] o.s.cloud.context.scope.GenericScope     : BeanFactory id=1b6e4a49-40ff-3b70-b961-162516e0b119
00:24:08:988  INFO 440 --- [main] o.s.b.w.embedded.tomcat.TomcatWebServer  : Tomcat initialized with port(s): 8083 (http)
00:24:08:994  INFO 440 --- [main] o.apache.catalina.core.StandardService   : Starting service [Tomcat]
00:24:08:994  INFO 440 --- [main] org.apache.catalina.core.StandardEngine  : Starting Servlet engine: [Apache Tomcat/9.0.75]
00:24:09:080  INFO 440 --- [main] o.a.c.c.C.[Tomcat].[localhost].[/]       : Initializing Spring embedded WebApplicationContext
00:24:09:080  INFO 440 --- [main] w.s.c.ServletWebServerApplicationContext : Root WebApplicationContext: initialization completed in 941 ms
00:24:10:530  INFO 14728 --- [main] o.s.cloud.commons.util.InetUtils         : Cannot determine local hostname
00:24:10:550  INFO 14728 --- [main] pertySourcedRequestMappingHandlerMapping : Mapped URL path [/v2/api-docs] onto method [springfox.documentation.swagger2.web.Swagger2ControllerWebMvc#getDocumentation(String, HttpServletRequest)]
00:24:12:433  INFO 440 --- [main] o.s.cloud.commons.util.InetUtils         : Cannot determine local hostname
00:24:12:463  INFO 440 --- [main] pertySourcedRequestMappingHandlerMapping : Mapped URL path [/v2/api-docs] onto method [springfox.documentation.swagger2.web.Swagger2ControllerWebMvc#getDocumentation(String, HttpServletRequest)]
00:24:12:510  INFO 14728 --- [main] o.s.cloud.commons.util.InetUtils         : Cannot determine local hostname
00:24:12:646  INFO 14728 --- [main] com.alibaba.nacos.common.remote.client   : [RpcClientFactory] create a new rpc client of 4ea478b7-791a-40ed-9a4d-2892e74ea8a9
00:24:12:669  INFO 14728 --- [main] org.reflections.Reflections              : Reflections took 13 ms to scan 1 urls, producing 3 keys and 6 values 
00:24:12:685  INFO 14728 --- [main] org.reflections.Reflections              : Reflections took 8 ms to scan 1 urls, producing 4 keys and 9 values 
00:24:12:695  INFO 14728 --- [main] org.reflections.Reflections              : Reflections took 7 ms to scan 1 urls, producing 3 keys and 10 values 
00:24:12:697  WARN 14728 --- [main] org.reflections.Reflections              : given scan urls are empty. set urls in the configuration
00:24:12:704  INFO 14728 --- [main] org.reflections.Reflections              : Reflections took 7 ms to scan 1 urls, producing 1 keys and 5 values 
00:24:12:713  INFO 14728 --- [main] org.reflections.Reflections              : Reflections took 7 ms to scan 1 urls, producing 1 keys and 7 values 
00:24:12:723  INFO 14728 --- [main] org.reflections.Reflections              : Reflections took 7 ms to scan 1 urls, producing 2 keys and 8 values 
00:24:12:724  WARN 14728 --- [main] org.reflections.Reflections              : given scan urls are empty. set urls in the configuration
00:24:12:725  INFO 14728 --- [main] com.alibaba.nacos.common.remote.client   : [4ea478b7-791a-40ed-9a4d-2892e74ea8a9] RpcClient init label, labels = {module=naming, source=sdk}
00:24:12:727  INFO 14728 --- [main] com.alibaba.nacos.common.remote.client   : [4ea478b7-791a-40ed-9a4d-2892e74ea8a9] RpcClient init, ServerListFactory = com.alibaba.nacos.client.naming.core.ServerListManager
00:24:12:727  INFO 14728 --- [main] com.alibaba.nacos.common.remote.client   : [4ea478b7-791a-40ed-9a4d-2892e74ea8a9] Registry connection listener to current client:com.alibaba.nacos.client.naming.remote.gprc.redo.NamingGrpcRedoService
00:24:12:727  INFO 14728 --- [main] com.alibaba.nacos.common.remote.client   : [4ea478b7-791a-40ed-9a4d-2892e74ea8a9] Register server push request handler:com.alibaba.nacos.client.naming.remote.gprc.NamingPushRequestHandler
00:24:12:728  INFO 14728 --- [main] com.alibaba.nacos.common.remote.client   : [4ea478b7-791a-40ed-9a4d-2892e74ea8a9] Try to connect to server on start up, server: {serverIp = '192.168.74.121', server main port = 8848}
00:24:15:970  INFO 440 --- [main] o.s.cloud.commons.util.InetUtils         : Cannot determine local hostname
00:24:16:092  INFO 440 --- [main] com.alibaba.nacos.common.remote.client   : [RpcClientFactory] create a new rpc client of be7a5461-e7ba-4a47-b3dd-584977e3508b
00:24:16:126  INFO 440 --- [main] org.reflections.Reflections              : Reflections took 20 ms to scan 1 urls, producing 3 keys and 6 values 
00:24:16:147  INFO 440 --- [main] org.reflections.Reflections              : Reflections took 10 ms to scan 1 urls, producing 4 keys and 9 values 
00:24:16:158  INFO 440 --- [main] org.reflections.Reflections              : Reflections took 9 ms to scan 1 urls, producing 3 keys and 10 values 
00:24:16:160  WARN 440 --- [main] org.reflections.Reflections              : given scan urls are empty. set urls in the configuration
00:24:16:168  INFO 440 --- [main] org.reflections.Reflections              : Reflections took 7 ms to scan 1 urls, producing 1 keys and 5 values 
00:24:16:178  INFO 440 --- [main] org.reflections.Reflections              : Reflections took 8 ms to scan 1 urls, producing 1 keys and 7 values 
00:24:16:188  INFO 440 --- [main] org.reflections.Reflections              : Reflections took 8 ms to scan 1 urls, producing 2 keys and 8 values 
00:24:16:190  WARN 440 --- [main] org.reflections.Reflections              : given scan urls are empty. set urls in the configuration
00:24:16:191  INFO 440 --- [main] com.alibaba.nacos.common.remote.client   : [be7a5461-e7ba-4a47-b3dd-584977e3508b] RpcClient init label, labels = {module=naming, source=sdk}
00:24:16:192  INFO 440 --- [main] com.alibaba.nacos.common.remote.client   : [be7a5461-e7ba-4a47-b3dd-584977e3508b] RpcClient init, ServerListFactory = com.alibaba.nacos.client.naming.core.ServerListManager
00:24:16:192  INFO 440 --- [main] com.alibaba.nacos.common.remote.client   : [be7a5461-e7ba-4a47-b3dd-584977e3508b] Registry connection listener to current client:com.alibaba.nacos.client.naming.remote.gprc.redo.NamingGrpcRedoService
00:24:16:193  INFO 440 --- [main] com.alibaba.nacos.common.remote.client   : [be7a5461-e7ba-4a47-b3dd-584977e3508b] Register server push request handler:com.alibaba.nacos.client.naming.remote.gprc.NamingPushRequestHandler
00:24:16:194  INFO 440 --- [main] com.alibaba.nacos.common.remote.client   : [be7a5461-e7ba-4a47-b3dd-584977e3508b] Try to connect to server on start up, server: {serverIp = '192.168.74.121', server main port = 8848}
00:24:19:017 ERROR 14728 --- [main] c.a.n.c.remote.client.grpc.GrpcClient    : Server check fail, please check server 192.168.74.121 ,port 9848 is available , error ={}

java.util.concurrent.TimeoutException: Waited 3000 milliseconds (plus 6 milliseconds, 56500 nanoseconds delay) for com.alibaba.nacos.shaded.io.grpc.stub.ClientCalls$GrpcFuture@17e2835c[status=PENDING, info=[GrpcFuture{clientCall={delegate={delegate=ClientCallImpl{method=MethodDescriptor{fullMethodName=Request/request, type=UNARY, idempotent=false, safe=false, sampledToLocalTracing=true, requestMarshaller=com.alibaba.nacos.shaded.io.grpc.protobuf.lite.ProtoLiteUtils$MessageMarshaller@3ddac0b6, responseMarshaller=com.alibaba.nacos.shaded.io.grpc.protobuf.lite.ProtoLiteUtils$MessageMarshaller@446a5aa5, schemaDescriptor=com.alibaba.nacos.api.grpc.auto.RequestGrpc$RequestMethodDescriptorSupplier@628bcf2c}}}}}]]
	at com.alibaba.nacos.shaded.com.google.common.util.concurrent.AbstractFuture.get(AbstractFuture.java:508) ~[nacos-client-2.0.4.jar:na]
	at com.alibaba.nacos.common.remote.client.grpc.GrpcClient.serverCheck(GrpcClient.java:148) ~[nacos-client-2.0.4.jar:na]
	at com.alibaba.nacos.common.remote.client.grpc.GrpcClient.connectToServer(GrpcClient.java:264) ~[nacos-client-2.0.4.jar:na]
	at com.alibaba.nacos.common.remote.client.RpcClient.start(RpcClient.java:390) ~[nacos-client-2.0.4.jar:na]
	at com.alibaba.nacos.client.naming.remote.gprc.NamingGrpcClientProxy.start(NamingGrpcClientProxy.java:96) ~[nacos-client-2.0.4.jar:na]
	at com.alibaba.nacos.client.naming.remote.gprc.NamingGrpcClientProxy.<init>(NamingGrpcClientProxy.java:89) ~[nacos-client-2.0.4.jar:na]
	at com.alibaba.nacos.client.naming.remote.NamingClientProxyDelegate.<init>(NamingClientProxyDelegate.java:76) ~[nacos-client-2.0.4.jar:na]
	at com.alibaba.nacos.client.naming.NacosNamingService.init(NacosNamingService.java:95) ~[nacos-client-2.0.4.jar:na]
	at com.alibaba.nacos.client.naming.NacosNamingService.<init>(NacosNamingService.java:81) ~[nacos-client-2.0.4.jar:na]
	at java.base/jdk.internal.reflect.NativeConstructorAccessorImpl.newInstance0(Native Method) ~[na:na]
	at java.base/jdk.internal.reflect.NativeConstructorAccessorImpl.newInstance(NativeConstructorAccessorImpl.java:62) ~[na:na]
	at java.base/jdk.internal.reflect.DelegatingConstructorAccessorImpl.newInstance(DelegatingConstructorAccessorImpl.java:45) ~[na:na]
	at java.base/java.lang.reflect.Constructor.newInstance(Constructor.java:490) ~[na:na]
	at com.alibaba.nacos.api.naming.NamingFactory.createNamingService(NamingFactory.java:59) ~[nacos-client-2.0.4.jar:na]
	at com.alibaba.nacos.api.NacosFactory.createNamingService(NacosFactory.java:77) ~[nacos-client-2.0.4.jar:na]
	at com.alibaba.cloud.nacos.NacosServiceManager.createNewNamingService(NacosServiceManager.java:99) ~[spring-cloud-starter-alibaba-nacos-discovery-2021.0.4.0.jar:2021.0.4.0]
	at com.alibaba.cloud.nacos.NacosServiceManager.buildNamingService(NacosServiceManager.java:90) ~[spring-cloud-starter-alibaba-nacos-discovery-2021.0.4.0.jar:2021.0.4.0]
	at com.alibaba.cloud.nacos.NacosServiceManager.getNamingService(NacosServiceManager.java:46) ~[spring-cloud-starter-alibaba-nacos-discovery-2021.0.4.0.jar:2021.0.4.0]
	at com.alibaba.cloud.nacos.discovery.NacosWatch.start(NacosWatch.java:130) ~[spring-cloud-starter-alibaba-nacos-discovery-2021.0.4.0.jar:2021.0.4.0]
	at org.springframework.context.support.DefaultLifecycleProcessor.doStart(DefaultLifecycleProcessor.java:178) ~[spring-context-5.3.27.jar:5.3.27]
	at org.springframework.context.support.DefaultLifecycleProcessor.access$200(DefaultLifecycleProcessor.java:54) ~[spring-context-5.3.27.jar:5.3.27]
	at org.springframework.context.support.DefaultLifecycleProcessor$LifecycleGroup.start(DefaultLifecycleProcessor.java:356) ~[spring-context-5.3.27.jar:5.3.27]
	at java.base/java.lang.Iterable.forEach(Iterable.java:75) ~[na:na]
	at org.springframework.context.support.DefaultLifecycleProcessor.startBeans(DefaultLifecycleProcessor.java:155) ~[spring-context-5.3.27.jar:5.3.27]
	at org.springframework.context.support.DefaultLifecycleProcessor.onRefresh(DefaultLifecycleProcessor.java:123) ~[spring-context-5.3.27.jar:5.3.27]
	at org.springframework.context.support.AbstractApplicationContext.finishRefresh(AbstractApplicationContext.java:937) ~[spring-context-5.3.27.jar:5.3.27]
	at org.springframework.context.support.AbstractApplicationContext.refresh(AbstractApplicationContext.java:586) ~[spring-context-5.3.27.jar:5.3.27]
	at org.springframework.boot.web.servlet.context.ServletWebServerApplicationContext.refresh(ServletWebServerApplicationContext.java:147) ~[spring-boot-2.7.12.jar:2.7.12]
	at org.springframework.boot.SpringApplication.refresh(SpringApplication.java:731) ~[spring-boot-2.7.12.jar:2.7.12]
	at org.springframework.boot.SpringApplication.refreshContext(SpringApplication.java:408) ~[spring-boot-2.7.12.jar:2.7.12]
	at org.springframework.boot.SpringApplication.run(SpringApplication.java:307) ~[spring-boot-2.7.12.jar:2.7.12]
	at org.springframework.boot.SpringApplication.run(SpringApplication.java:1303) ~[spring-boot-2.7.12.jar:2.7.12]
	at org.springframework.boot.SpringApplication.run(SpringApplication.java:1292) ~[spring-boot-2.7.12.jar:2.7.12]
	at com.hmall.item.ItemApplication.main(ItemApplication.java:11) ~[classes/:na]

00:24:19:018  INFO 14728 --- [main] com.alibaba.nacos.common.remote.client   : [4ea478b7-791a-40ed-9a4d-2892e74ea8a9] Try to connect to server on start up, server: {serverIp = '192.168.74.121', server main port = 8848}
00:24:19:276  INFO 14728 --- [main] com.alibaba.nacos.common.remote.client   : [4ea478b7-791a-40ed-9a4d-2892e74ea8a9] Success to connect to server [192.168.74.121:8848] on start up, connectionId = 1721586975440_192.168.74.1_2799
00:24:19:277  INFO 14728 --- [main] com.alibaba.nacos.common.remote.client   : [4ea478b7-791a-40ed-9a4d-2892e74ea8a9] Register server push request handler:com.alibaba.nacos.common.remote.client.RpcClient$ConnectResetRequestHandler
00:24:19:276  INFO 14728 --- [com.alibaba.nacos.client.remote.worker] com.alibaba.nacos.common.remote.client   : [4ea478b7-791a-40ed-9a4d-2892e74ea8a9] Notify connected event to listeners.
00:24:19:278  INFO 14728 --- [main] com.alibaba.nacos.common.remote.client   : [4ea478b7-791a-40ed-9a4d-2892e74ea8a9] Register server push request handler:com.alibaba.nacos.common.remote.client.RpcClient$$Lambda$937/0x00000008006e5840
00:24:19:307  INFO 14728 --- [main] o.s.b.w.embedded.tomcat.TomcatWebServer  : Tomcat started on port(s): 8081 (http) with context path ''
00:24:19:315  INFO 14728 --- [main] c.a.c.n.registry.NacosServiceRegistry    : nacos registry, DEFAULT_GROUP item-service 192.168.204.1:8081 register finished
00:24:19:766  INFO 14728 --- [nacos-grpc-client-executor-9] com.alibaba.nacos.common.remote.client   : [4ea478b7-791a-40ed-9a4d-2892e74ea8a9] Receive server push request, request = NotifySubscriberRequest, requestId = 79
00:24:19:769  INFO 14728 --- [nacos-grpc-client-executor-9] com.alibaba.nacos.common.remote.client   : [4ea478b7-791a-40ed-9a4d-2892e74ea8a9] Ack server push request, request = NotifySubscriberRequest, requestId = 79
00:24:19:954  INFO 440 --- [main] com.alibaba.nacos.common.remote.client   : [be7a5461-e7ba-4a47-b3dd-584977e3508b] Success to connect to server [192.168.74.121:8848] on start up, connectionId = 1721586976179_192.168.74.1_2807
00:24:19:955  INFO 440 --- [main] com.alibaba.nacos.common.remote.client   : [be7a5461-e7ba-4a47-b3dd-584977e3508b] Register server push request handler:com.alibaba.nacos.common.remote.client.RpcClient$ConnectResetRequestHandler
00:24:19:955  INFO 440 --- [com.alibaba.nacos.client.remote.worker] com.alibaba.nacos.common.remote.client   : [be7a5461-e7ba-4a47-b3dd-584977e3508b] Notify connected event to listeners.
00:24:19:956  INFO 440 --- [main] com.alibaba.nacos.common.remote.client   : [be7a5461-e7ba-4a47-b3dd-584977e3508b] Register server push request handler:com.alibaba.nacos.common.remote.client.RpcClient$$Lambda$937/0x00000008006e5040
00:24:20:043  INFO 440 --- [main] o.s.b.w.embedded.tomcat.TomcatWebServer  : Tomcat started on port(s): 8083 (http) with context path ''
00:24:20:065  INFO 440 --- [main] c.a.c.n.registry.NacosServiceRegistry    : nacos registry, DEFAULT_GROUP item-service 192.168.204.1:8083 register finished
00:24:20:508  INFO 14728 --- [nacos-grpc-client-executor-11] com.alibaba.nacos.common.remote.client   : [4ea478b7-791a-40ed-9a4d-2892e74ea8a9] Receive server push request, request = NotifySubscriberRequest, requestId = 81
00:24:20:509  INFO 14728 --- [nacos-grpc-client-executor-11] com.alibaba.nacos.common.remote.client   : [4ea478b7-791a-40ed-9a4d-2892e74ea8a9] Ack server push request, request = NotifySubscriberRequest, requestId = 81
00:24:20:516  INFO 440 --- [nacos-grpc-client-executor-8] com.alibaba.nacos.common.remote.client   : [be7a5461-e7ba-4a47-b3dd-584977e3508b] Receive server push request, request = NotifySubscriberRequest, requestId = 80
00:24:20:518  INFO 440 --- [nacos-grpc-client-executor-8] com.alibaba.nacos.common.remote.client   : [be7a5461-e7ba-4a47-b3dd-584977e3508b] Ack server push request, request = NotifySubscriberRequest, requestId = 80
00:24:20:882  INFO 14728 --- [main] o.s.cloud.commons.util.InetUtils         : Cannot determine local hostname
00:24:20:882  INFO 14728 --- [main] d.s.w.p.DocumentationPluginsBootstrapper : Documentation plugins bootstrapped
00:24:20:885  INFO 14728 --- [main] d.s.w.p.DocumentationPluginsBootstrapper : Found 1 custom documentation plugin(s)
00:24:20:902  INFO 14728 --- [main] s.d.s.w.s.ApiListingReferenceScanner     : Scanning for api listing references
00:24:20:993  INFO 14728 --- [main] com.hmall.item.ItemApplication           : Started ItemApplication in 16.321 seconds (JVM running for 17.058)
00:24:21:666  INFO 440 --- [main] o.s.cloud.commons.util.InetUtils         : Cannot determine local hostname
00:24:21:666  INFO 440 --- [main] d.s.w.p.DocumentationPluginsBootstrapper : Documentation plugins bootstrapped
00:24:21:668  INFO 440 --- [main] d.s.w.p.DocumentationPluginsBootstrapper : Found 1 custom documentation plugin(s)
00:24:21:683  INFO 440 --- [main] s.d.s.w.s.ApiListingReferenceScanner     : Scanning for api listing references
00:24:21:753  INFO 440 --- [main] com.hmall.item.ItemApplication           : Started ItemApplication in 15.425 seconds (JVM running for 16.23)
